# JRE version: OpenJDK Runtime Environment Corretto-17.0.4.9.1 (17.0.4.1+9) (build 17.0.4.1+9-LTS)
# Java VM: OpenJDK 64-Bit Server VM Corretto-17.0.4.9.1 (17.0.4.1+9-LTS, mixed mode, emulated-client, sharing, tiered, compressed oops, compressed class ptrs, g1 gc, bsd-aarch64)
Heap:
 garbage-first heap   total 161792K, used 66980K [0x0000000700000000, 0x0000000800000000)
  region size 2048K, 26 young (53248K), 1 survivors (2048K)
 Metaspace       used 32659K, committed 32960K, reserved 1081344K
  class space    used 4582K, committed 4736K, reserved 1048576K
GC Heap History (10 events):
Event: 0.178 GC heap before
{Heap before GC invocations=0 (full 0):
 garbage-first heap   total 266240K, used 24544K [0x0000000700000000, 0x0000000800000000)
  region size 2048K, 11 young (22528K), 0 survivors (0K)
 Metaspace       used 4818K, committed 4992K, reserved 1056768K
  class space    used 651K, committed 704K, reserved 1048576K
}
Event: 0.180 GC heap after
{Heap after GC invocations=1 (full 0):
 garbage-first heap   total 266240K, used 6685K [0x0000000700000000, 0x0000000800000000)
  region size 2048K, 2 young (4096K), 2 survivors (4096K)
 Metaspace       used 4818K, committed 4992K, reserved 1056768K
  class space    used 651K, committed 704K, reserved 1048576K
}
Event: 0.314 GC heap before
{Heap before GC invocations=1 (full 0):
 garbage-first heap   total 266240K, used 31261K [0x0000000700000000, 0x0000000800000000)
  region size 2048K, 14 young (28672K), 2 survivors (4096K)
 Metaspace       used 10150K, committed 10368K, reserved 1064960K
  class space    used 1330K, committed 1472K, reserved 1048576K
}
Event: 0.318 GC heap after
{Heap after GC invocations=2 (full 0):
 garbage-first heap   total 266240K, used 8123K [0x0000000700000000, 0x0000000800000000)
  region size 2048K, 1 young (2048K), 1 survivors (2048K)
 Metaspace       used 10150K, committed 10368K, reserved 1064960K
  class space    used 1330K, committed 1472K, reserved 1048576K
}
Event: 0.814 GC heap before
{Heap before GC invocations=2 (full 0):
 garbage-first heap   total 266240K, used 87995K [0x0000000700000000, 0x0000000800000000)
  region size 2048K, 41 young (83968K), 1 survivors (2048K)
 Metaspace       used 21301K, committed 21504K, reserved 1073152K
  class space    used 2987K, committed 3072K, reserved 1048576K
}
Event: 0.818 GC heap after
{Heap after GC invocations=3 (full 0):
 garbage-first heap   total 266240K, used 12790K [0x0000000700000000, 0x0000000800000000)
  region size 2048K, 3 young (6144K), 3 survivors (6144K)
 Metaspace       used 21301K, committed 21504K, reserved 1073152K
  class space    used 2987K, committed 3072K, reserved 1048576K
}
Event: 1.013 GC heap before
{Heap before GC invocations=4 (full 0):
 garbage-first heap   total 61440K, used 43510K [0x0000000700000000, 0x0000000800000000)
  region size 2048K, 19 young (38912K), 3 survivors (6144K)
 Metaspace       used 26262K, committed 26560K, reserved 1073152K
  class space    used 3682K, committed 3840K, reserved 1048576K
}
Event: 1.017 GC heap after
{Heap after GC invocations=5 (full 0):
 garbage-first heap   total 61440K, used 15646K [0x0000000700000000, 0x0000000800000000)
  region size 2048K, 5 young (10240K), 5 survivors (10240K)
 Metaspace       used 26262K, committed 26560K, reserved 1073152K
  class space    used 3682K, committed 3840K, reserved 1048576K
}
Event: 1.027 GC heap before
{Heap before GC invocations=5 (full 0):
 garbage-first heap   total 61440K, used 17694K [0x0000000700000000, 0x0000000800000000)
  region size 2048K, 6 young (12288K), 5 survivors (10240K)
 Metaspace       used 26738K, committed 27008K, reserved 1073152K
  class space    used 3756K, committed 3904K, reserved 1048576K
}
Event: 1.032 GC heap after
{Heap after GC invocations=6 (full 0):
 garbage-first heap   total 161792K, used 16884K [0x0000000700000000, 0x0000000800000000)
  region size 2048K, 1 young (2048K), 1 survivors (2048K)
 Metaspace       used 26738K, committed 27008K, reserved 1073152K
  class space    used 3756K, committed 3904K, reserved 1048576K
}

